[2025-09-26 22:01:25] INFO: --- Running monitoring checks ---
[2025-09-26 22:01:26] INFO: Fetched 5 services
[2025-09-26 22:01:26] INFO: Fetched 3 databases
[2025-09-26 22:01:26] INFO: Fetched 5 disks
[2025-09-26 22:01:27] INFO: System is UP: Youtube (https://youtube.com) - Status 200
[2025-09-26 22:01:28] INFO: System SSL valid: Youtube (https://youtube.com) - 66 days left
[2025-09-26 22:01:28] ERROR: System DOWN: Github (https://github74d.com) - getaddrinfo ENOTFOUND github74d.com
[2025-09-26 22:01:31] INFO: Alert email sent to leahw6160@gmail.com
[2025-09-26 22:01:33] ERROR: System DOWN: Payments API (https://api.example.com/payments) - getaddrinfo ENOTFOUND api.example.com
[2025-09-26 22:01:36] INFO: Alert email sent to devops@example.com
[2025-09-26 22:01:38] ERROR: System DOWN: Auth Service (https://auth.example.com) - getaddrinfo ENOTFOUND auth.example.com
[2025-09-26 22:01:40] INFO: Alert email sent to security@example.com
[2025-09-26 22:01:43] ERROR: System DOWN: Reports Service (https://reports.example.com) - getaddrinfo ENOTFOUND reports.example.com
[2025-09-26 22:01:45] INFO: Alert email sent to leahgitau007@gmail.com
[2025-09-26 22:01:47] INFO: Database is reachable: production_db (192.168.1.10)
[2025-09-26 22:01:47] INFO: Database is reachable: analytics (192.168.1.15)
[2025-09-26 22:01:47] INFO: Database is reachable: hr_system (192.168.1.20)
[2025-09-26 22:01:47] INFO: Disk OK: Server1 (C:) - Usage 80%
[2025-09-26 22:01:47] INFO: Disk OK: Server1 (D:) - Usage 20%
[2025-09-26 22:01:47] ERROR: Disk ALERT: Server2 (/var) - Disk /var usage high: 95%
[2025-09-26 22:01:50] INFO: Alert email sent to linux-admin@example.com
[2025-09-26 22:01:52] INFO: Disk OK: Server2 (/home) - Usage 40%
[2025-09-26 22:01:52] INFO: Disk OK: DBServer1 (/data) - Usage 85%
[2025-09-26 22:01:52] INFO: --- Checks complete ---
[2025-09-26 23:01:25] INFO: --- Running monitoring checks ---
[2025-09-26 23:01:26] INFO: Fetched 5 services
[2025-09-26 23:01:26] INFO: Fetched 3 databases
[2025-09-26 23:01:26] INFO: Fetched 5 disks
[2025-09-26 23:01:26] ERROR: System DOWN: Youtube (https://youtube.com) - read ECONNRESET
[2025-09-26 23:01:27] ERROR: Email failed: read ECONNRESET
[2025-09-26 23:01:30] ERROR: System DOWN: Github (https://github74d.com) - getaddrinfo ENOTFOUND github74d.com
[2025-09-26 23:01:30] ERROR: Email failed: read ECONNRESET
[2025-09-26 23:01:34] ERROR: System DOWN: Payments API (https://api.example.com/payments) - getaddrinfo ENOTFOUND api.example.com
[2025-09-26 23:01:34] ERROR: Email failed: read ECONNRESET
[2025-09-26 23:01:38] ERROR: System DOWN: Auth Service (https://auth.example.com) - getaddrinfo ENOTFOUND auth.example.com
[2025-09-26 23:01:38] ERROR: Email failed: read ECONNRESET
[2025-09-26 23:01:41] ERROR: System DOWN: Reports Service (https://reports.example.com) - getaddrinfo ENOTFOUND reports.example.com
[2025-09-26 23:01:42] ERROR: Email failed: read ECONNRESET
[2025-09-26 23:01:48] INFO: Database is reachable: production_db (192.168.1.10)
[2025-09-26 23:01:48] INFO: Database is reachable: analytics (192.168.1.15)
[2025-09-26 23:01:48] INFO: Database is reachable: hr_system (192.168.1.20)
[2025-09-26 23:01:48] INFO: Disk OK: Server1 (C:) - Usage 80%
[2025-09-26 23:01:48] INFO: Disk OK: Server1 (D:) - Usage 20%
[2025-09-26 23:01:48] ERROR: Disk ALERT: Server2 (/var) - Disk /var usage high: 95%
[2025-09-26 23:01:48] ERROR: Email failed: read ECONNRESET
[2025-09-26 23:01:51] INFO: Disk OK: Server2 (/home) - Usage 40%
[2025-09-26 23:01:51] INFO: Disk OK: DBServer1 (/data) - Usage 85%
[2025-09-26 23:01:51] INFO: --- Checks complete ---
[2025-09-27 11:01:32] INFO: --- Running monitoring checks ---
[2025-09-27 11:01:33] INFO: Fetched 5 services
[2025-09-27 11:01:33] INFO: Fetched 3 databases
[2025-09-27 11:01:34] INFO: Fetched 5 disks
[2025-09-27 11:01:34] ERROR: System DOWN: Youtube (https://youtube.com) - getaddrinfo ENOTFOUND youtube.com
[2025-09-27 11:01:35] ERROR: Email failed: connect EHOSTUNREACH 64.233.184.108:465
[2025-09-27 11:01:35] ERROR: System DOWN: Github (https://github74d.com) - getaddrinfo ENOTFOUND github74d.com
[2025-09-27 11:01:35] ERROR: Email failed: connect EHOSTUNREACH 64.233.184.108:465
[2025-09-27 11:01:35] ERROR: System DOWN: Payments API (https://api.example.com/payments) - getaddrinfo ENOTFOUND api.example.com
[2025-09-27 11:01:35] ERROR: Email failed: connect EHOSTUNREACH 64.233.184.108:465
[2025-09-27 11:01:35] ERROR: System DOWN: Auth Service (https://auth.example.com) - getaddrinfo ENOTFOUND auth.example.com
[2025-09-27 11:01:35] ERROR: Email failed: connect EHOSTUNREACH 64.233.184.108:465
[2025-09-27 11:01:35] ERROR: System DOWN: Reports Service (https://reports.example.com) - getaddrinfo ENOTFOUND reports.example.com
[2025-09-27 11:01:35] ERROR: Email failed: connect EHOSTUNREACH 64.233.184.108:465
[2025-09-27 11:01:35] INFO: Database is reachable: production_db (192.168.1.10)
[2025-09-27 11:01:35] INFO: Database is reachable: analytics (192.168.1.15)
[2025-09-27 11:01:35] INFO: Database is reachable: hr_system (192.168.1.20)
[2025-09-27 11:01:35] INFO: Disk OK: Server1 (C:) - Usage 80%
[2025-09-27 11:01:35] INFO: Disk OK: Server1 (D:) - Usage 20%
[2025-09-27 11:01:35] ERROR: Disk ALERT: Server2 (/var) - Disk /var usage high: 95%
[2025-09-27 11:01:35] ERROR: Email failed: connect EHOSTUNREACH 64.233.184.108:465
[2025-09-27 11:01:35] INFO: Disk OK: Server2 (/home) - Usage 40%
[2025-09-27 11:01:35] INFO: Disk OK: DBServer1 (/data) - Usage 85%
[2025-09-27 11:01:35] INFO: --- Checks complete ---
[2025-09-29 09:20:41] INFO: --- Running monitoring checks ---
[2025-09-29 09:20:41] INFO: Fetched 5 services
[2025-09-29 09:20:41] INFO: Fetched 3 databases
[2025-09-29 09:20:41] INFO: Fetched 5 disks
[2025-09-29 09:20:42] INFO: System is UP: Youtube (https://youtube.com) - Status 200
[2025-09-29 09:20:42] INFO: System SSL valid: Youtube (https://youtube.com) - 64 days left
[2025-09-29 09:20:42] ERROR: System DOWN: Github (https://github74d.com) - getaddrinfo ENOTFOUND github74d.com
[2025-09-29 09:20:45] INFO: Alert email sent to leahw6160@gmail.com
[2025-09-29 09:21:07] ERROR: System DOWN: Payments API (https://api.example.com/payments) - getaddrinfo ENOTFOUND api.example.com
[2025-09-29 09:21:09] INFO: Alert email sent to devops@example.com
[2025-09-29 09:21:30] ERROR: System DOWN: Auth Service (https://auth.example.com) - getaddrinfo ENOTFOUND auth.example.com
[2025-09-29 09:21:33] INFO: Alert email sent to security@example.com
[2025-09-29 09:21:54] ERROR: System DOWN: Reports Service (https://reports.example.com) - getaddrinfo ENOTFOUND reports.example.com
[2025-09-29 09:21:56] INFO: Alert email sent to leahgitau007@gmail.com
[2025-09-29 09:22:17] INFO: Database is reachable: production_db (192.168.1.10)
[2025-09-29 09:22:17] INFO: Database is reachable: analytics (192.168.1.15)
[2025-09-29 09:22:17] INFO: Database is reachable: hr_system (192.168.1.20)
[2025-09-29 09:22:17] INFO: Disk OK: Server1 (C:) - Usage 80%
[2025-09-29 09:22:17] INFO: Disk OK: Server1 (D:) - Usage 20%
[2025-09-29 09:22:17] ERROR: Disk ALERT: Server2 (/var) - Disk /var usage high: 95%
[2025-09-29 09:22:20] INFO: Alert email sent to linux-admin@example.com
[2025-09-29 09:22:41] INFO: Disk OK: Server2 (/home) - Usage 40%
[2025-09-29 09:22:41] INFO: Disk OK: DBServer1 (/data) - Usage 85%
[2025-09-29 09:22:41] INFO: --- Checks complete ---
[2025-09-29 10:13:44] INFO: --- Running monitoring checks ---
[2025-09-29 10:13:44] INFO: Fetched 5 services
[2025-09-29 10:13:44] INFO: Fetched 3 databases
[2025-09-29 10:13:44] INFO: Fetched 5 disks
[2025-09-29 10:13:45] INFO: System is UP: Youtube (https://youtube.com) - Status 200
[2025-09-29 10:13:45] INFO: System SSL valid: Youtube (https://youtube.com) - 64 days left
[2025-09-29 10:13:46] ERROR: System DOWN: Github (https://github74d.com) - getaddrinfo ENOTFOUND github74d.com
[2025-09-29 10:13:48] INFO: Alert email sent to leahw6160@gmail.com
[2025-09-29 10:14:09] ERROR: System DOWN: Payments API (https://api.example.com/payments) - getaddrinfo ENOTFOUND api.example.com
[2025-09-29 10:14:12] INFO: Alert email sent to devops@example.com
[2025-09-29 10:14:33] ERROR: System DOWN: Auth Service (https://auth.example.com) - getaddrinfo ENOTFOUND auth.example.com
[2025-09-29 10:14:35] INFO: Alert email sent to security@example.com
[2025-09-29 10:14:56] ERROR: System DOWN: Reports Service (https://reports.example.com) - getaddrinfo ENOTFOUND reports.example.com
[2025-09-29 10:14:59] INFO: Alert email sent to leahgitau007@gmail.com
[2025-09-29 10:15:20] INFO: Database is reachable: production_db (192.168.1.10)
[2025-09-29 10:15:20] INFO: Database is reachable: analytics (192.168.1.15)
[2025-09-29 10:15:20] INFO: Database is reachable: hr_system (192.168.1.20)
[2025-09-29 10:15:20] INFO: Disk OK: Server1 (C:) - Usage 80%
[2025-09-29 10:15:20] INFO: Disk OK: Server1 (D:) - Usage 20%
[2025-09-29 10:15:20] ERROR: Disk ALERT: Server2 (/var) - Disk /var usage high: 95%
[2025-09-29 10:15:22] INFO: Alert email sent to linux-admin@example.com
[2025-09-29 10:15:43] INFO: Disk OK: Server2 (/home) - Usage 40%
[2025-09-29 10:15:43] INFO: Disk OK: DBServer1 (/data) - Usage 85%
[2025-09-29 10:15:43] INFO: --- Checks complete ---
[2025-09-29 10:18:58] INFO: --- Running monitoring checks ---
[2025-09-29 10:18:58] INFO: Fetched 5 services
[2025-09-29 10:18:58] INFO: Fetched 3 databases
[2025-09-29 10:18:58] INFO: Fetched 5 disks
[2025-09-29 10:18:59] INFO: System is UP: Youtube (https://youtube.com) - Status 200
[2025-09-29 10:18:59] INFO: System SSL valid: Youtube (https://youtube.com) - 64 days left
[2025-09-29 10:18:59] ERROR: System DOWN: Github (https://github74d.com) - getaddrinfo ENOTFOUND github74d.com
[2025-09-29 10:19:01] INFO: Alert email sent to leahw6160@gmail.com
[2025-09-29 10:19:22] ERROR: System DOWN: Payments API (https://api.example.com/payments) - getaddrinfo ENOTFOUND api.example.com
[2025-09-29 10:19:24] INFO: Alert email sent to devops@example.com
[2025-09-29 10:19:46] ERROR: System DOWN: Auth Service (https://auth.example.com) - getaddrinfo ENOTFOUND auth.example.com
[2025-09-29 10:19:48] INFO: Alert email sent to security@example.com
[2025-09-29 10:20:09] ERROR: System DOWN: Reports Service (https://reports.example.com) - getaddrinfo ENOTFOUND reports.example.com
[2025-09-29 10:20:11] INFO: Alert email sent to leahgitau007@gmail.com
[2025-09-29 10:20:32] INFO: Database is reachable: production_db (192.168.1.10)
[2025-09-29 10:20:32] INFO: Database is reachable: analytics (192.168.1.15)
[2025-09-29 10:20:32] INFO: Database is reachable: hr_system (192.168.1.20)
[2025-09-29 10:20:32] INFO: Disk OK: Server1 (C:) - Usage 80%
[2025-09-29 10:20:32] INFO: Disk OK: Server1 (D:) - Usage 20%
[2025-09-29 10:20:32] ERROR: Disk ALERT: Server2 (/var) - Disk /var usage high: 95%
[2025-09-29 10:20:34] INFO: Alert email sent to linux-admin@example.com
[2025-09-29 10:20:55] INFO: Disk OK: Server2 (/home) - Usage 40%
[2025-09-29 10:20:55] INFO: Disk OK: DBServer1 (/data) - Usage 85%
[2025-09-29 10:20:55] INFO: --- Checks complete ---
[2025-09-29 10:36:47] INFO: --- Running monitoring checks ---
[2025-09-29 10:36:47] INFO: Fetched 5 services
[2025-09-29 10:36:47] INFO: Fetched 3 databases
[2025-09-29 10:36:47] INFO: Fetched 5 disks
[2025-09-29 10:36:48] INFO: System is UP: Youtube (https://youtube.com) - Status 200
[2025-09-29 10:36:48] INFO: System SSL valid: Youtube (https://youtube.com) - 64 days left
[2025-09-29 10:36:48] ERROR: System DOWN: Github (https://github74d.com) - getaddrinfo ENOTFOUND github74d.com
[2025-09-29 10:36:51] INFO: Alert email sent to leahw6160@gmail.com
[2025-09-29 10:37:12] ERROR: System DOWN: Payments API (https://api.example.com/payments) - getaddrinfo ENOTFOUND api.example.com
[2025-09-29 10:37:14] INFO: Alert email sent to devops@example.com
[2025-09-29 10:37:35] ERROR: System DOWN: Auth Service (https://auth.example.com) - getaddrinfo ENOTFOUND auth.example.com
[2025-09-29 10:37:37] INFO: Alert email sent to security@example.com
[2025-09-29 10:37:59] ERROR: System DOWN: Reports Service (https://reports.example.com) - getaddrinfo ENOTFOUND reports.example.com
[2025-09-29 10:38:01] INFO: Alert email sent to leahgitau007@gmail.com
[2025-09-29 10:38:22] INFO: Database is reachable: production_db (192.168.1.10)
[2025-09-29 10:38:22] INFO: Database is reachable: analytics (192.168.1.15)
[2025-09-29 10:38:22] INFO: Database is reachable: hr_system (192.168.1.20)
[2025-09-29 10:38:22] INFO: Disk OK: Server1 (C:) - Usage 80%
[2025-09-29 10:38:22] INFO: Disk OK: Server1 (D:) - Usage 20%
[2025-09-29 10:38:22] ERROR: Disk ALERT: Server2 (/var) - Disk /var usage high: 95%
[2025-09-29 10:38:24] INFO: Alert email sent to linux-admin@example.com
[2025-09-29 10:38:45] INFO: Disk OK: Server2 (/home) - Usage 40%
[2025-09-29 10:38:45] INFO: Disk OK: DBServer1 (/data) - Usage 85%
[2025-09-29 10:38:45] INFO: --- Checks complete ---
[2025-09-29 10:43:59] INFO: --- Running monitoring checks ---
[2025-09-29 10:43:59] INFO: Fetched 5 services
[2025-09-29 10:43:59] INFO: Fetched 3 databases
[2025-09-29 10:43:59] INFO: Fetched 5 disks
[2025-09-29 10:44:00] INFO: System is UP: Youtube (https://youtube.com) - Status 200
[2025-09-29 10:44:00] INFO: System SSL valid: Youtube (https://youtube.com) - 64 days left
[2025-09-29 10:44:00] ERROR: System DOWN: Github (https://github74d.com) - getaddrinfo ENOTFOUND github74d.com
[2025-09-29 10:44:02] INFO: Alert email sent to leahw6160@gmail.com
[2025-09-29 10:44:23] ERROR: System DOWN: Payments API (https://api.example.com/payments) - getaddrinfo ENOTFOUND api.example.com
[2025-09-29 10:44:26] INFO: Alert email sent to devops@example.com
[2025-09-29 10:44:47] ERROR: System DOWN: Auth Service (https://auth.example.com) - getaddrinfo ENOTFOUND auth.example.com
[2025-09-29 10:44:49] INFO: Alert email sent to security@example.com
[2025-09-29 10:45:10] ERROR: System DOWN: Reports Service (https://reports.example.com) - getaddrinfo ENOTFOUND reports.example.com
[2025-09-29 10:45:12] INFO: Alert email sent to leahgitau007@gmail.com
[2025-09-29 10:45:33] INFO: Database is reachable: production_db (192.168.1.10)
[2025-09-29 10:45:33] INFO: Database is reachable: analytics (192.168.1.15)
[2025-09-29 10:45:33] INFO: Database is reachable: hr_system (192.168.1.20)
[2025-09-29 10:45:33] INFO: Disk OK: Server1 (C:) - Usage 80%
[2025-09-29 10:45:33] INFO: Disk OK: Server1 (D:) - Usage 20%
[2025-09-29 10:45:33] ERROR: Disk ALERT: Server2 (/var) - Disk /var usage high: 95%
[2025-09-29 10:45:35] INFO: Alert email sent to linux-admin@example.com
[2025-09-29 10:45:56] INFO: Disk OK: Server2 (/home) - Usage 40%
[2025-09-29 10:45:56] INFO: Disk OK: DBServer1 (/data) - Usage 85%
[2025-09-29 10:45:56] INFO: --- Checks complete ---
[2025-09-29 10:59:15] INFO: --- Running monitoring checks ---
[2025-09-29 10:59:16] INFO: Fetched 5 services
[2025-09-29 10:59:16] INFO: Fetched 3 databases
[2025-09-29 10:59:16] INFO: Fetched 5 disks
[2025-09-29 10:59:17] INFO: System is UP: Youtube (https://youtube.com) - Status 200
[2025-09-29 10:59:17] INFO: System SSL valid: Youtube (https://youtube.com) - 64 days left
[2025-09-29 10:59:17] ERROR: System DOWN: Github (https://github74d.com) - getaddrinfo ENOTFOUND github74d.com
[2025-09-29 10:59:20] INFO: Alert email sent to leahw6160@gmail.com
[2025-09-29 10:59:41] ERROR: System DOWN: Payments API (https://api.example.com/payments) - getaddrinfo ENOTFOUND api.example.com
[2025-09-29 10:59:44] INFO: Alert email sent to devops@example.com
[2025-09-29 11:00:05] ERROR: System DOWN: Auth Service (https://auth.example.com) - getaddrinfo ENOTFOUND auth.example.com
[2025-09-29 11:00:07] INFO: Alert email sent to security@example.com
[2025-09-29 11:00:28] ERROR: System DOWN: Reports Service (https://reports.example.com) - getaddrinfo ENOTFOUND reports.example.com
[2025-09-29 11:00:31] INFO: Alert email sent to leahgitau007@gmail.com
[2025-09-29 11:00:52] INFO: Database is reachable: production_db (192.168.1.10)
[2025-09-29 11:00:52] INFO: Database is reachable: analytics (192.168.1.15)
[2025-09-29 11:00:52] INFO: Database is reachable: hr_system (192.168.1.20)
[2025-09-29 11:00:52] INFO: Disk OK: Server1 (C:) - Usage 80%
[2025-09-29 11:00:52] INFO: Disk OK: Server1 (D:) - Usage 20%
[2025-09-29 11:00:52] ERROR: Disk ALERT: Server2 (/var) - Disk /var usage high: 95%
[2025-09-29 11:00:54] INFO: Alert email sent to linux-admin@example.com
[2025-09-29 11:01:15] INFO: Disk OK: Server2 (/home) - Usage 40%
[2025-09-29 11:01:15] INFO: Disk OK: DBServer1 (/data) - Usage 85%
[2025-09-29 11:01:15] INFO: --- Checks complete ---
[2025-09-29 11:59:15] INFO: --- Running monitoring checks ---
[2025-09-29 11:59:16] INFO: Fetched 5 services
[2025-09-29 11:59:16] INFO: Fetched 3 databases
[2025-09-29 11:59:16] INFO: Fetched 5 disks
[2025-09-29 11:59:17] INFO: System is UP: Youtube (https://youtube.com) - Status 200
[2025-09-29 11:59:17] INFO: System SSL valid: Youtube (https://youtube.com) - 63 days left
[2025-09-29 11:59:17] ERROR: System DOWN: Github (https://github74d.com) - getaddrinfo ENOTFOUND github74d.com
[2025-09-29 11:59:20] INFO: Alert email sent to leahw6160@gmail.com
[2025-09-29 11:59:42] ERROR: System DOWN: Payments API (https://api.example.com/payments) - getaddrinfo ENOTFOUND api.example.com
[2025-09-29 11:59:44] INFO: Alert email sent to devops@example.com
[2025-09-29 12:00:05] ERROR: System DOWN: Auth Service (https://auth.example.com) - getaddrinfo ENOTFOUND auth.example.com
[2025-09-29 12:00:07] INFO: Alert email sent to security@example.com
[2025-09-29 12:00:28] ERROR: System DOWN: Reports Service (https://reports.example.com) - getaddrinfo ENOTFOUND reports.example.com
[2025-09-29 12:00:30] INFO: Alert email sent to leahgitau007@gmail.com
[2025-09-29 12:00:52] INFO: Database is reachable: production_db (192.168.1.10)
[2025-09-29 12:00:52] INFO: Database is reachable: analytics (192.168.1.15)
[2025-09-29 12:00:52] INFO: Database is reachable: hr_system (192.168.1.20)
[2025-09-29 12:00:52] INFO: Disk OK: Server1 (C:) - Usage 80%
[2025-09-29 12:00:52] INFO: Disk OK: Server1 (D:) - Usage 20%
[2025-09-29 12:00:52] ERROR: Disk ALERT: Server2 (/var) - Disk /var usage high: 95%
[2025-09-29 12:00:55] INFO: Alert email sent to linux-admin@example.com
[2025-09-29 12:01:16] INFO: Disk OK: Server2 (/home) - Usage 40%
[2025-09-29 12:01:16] INFO: Disk OK: DBServer1 (/data) - Usage 85%
[2025-09-29 12:01:16] INFO: --- Checks complete ---
[2025-09-29 12:40:28] INFO: --- Running monitoring checks ---
[2025-09-29 12:40:28] INFO: Fetched 5 services
[2025-09-29 12:40:28] INFO: Fetched 3 databases
[2025-09-29 12:40:28] INFO: Fetched 5 disks
[2025-09-29 12:40:29] INFO: System is UP: Youtube (https://youtube.com) - Status 200 - 1078ms
[2025-09-29 12:40:29] ERROR: System DOWN: Youtube (https://youtube.com) - updateServiceStatus is not defined
[2025-09-29 12:40:29] ERROR: Monitoring run failed: updateServiceStatus is not defined
[2025-09-29 12:44:47] INFO: --- Running monitoring checks ---
[2025-09-29 12:44:47] INFO: Fetched 5 services
[2025-09-29 12:44:47] INFO: Fetched 3 databases
[2025-09-29 12:44:47] INFO: Fetched 5 disks
[2025-09-29 12:44:48] INFO: System is UP: Youtube (https://youtube.com) - Status 200 - 1110ms
[2025-09-29 12:44:48] ERROR: System DOWN: Youtube (https://youtube.com) - Invalid column name 'ResponseTime'.
[2025-09-29 12:44:48] ERROR: Monitoring run failed: Invalid column name 'ResponseTime'.
[2025-09-29 12:46:30] INFO: --- Running monitoring checks ---
[2025-09-29 12:46:30] INFO: Fetched 5 services
[2025-09-29 12:46:30] INFO: Fetched 3 databases
[2025-09-29 12:46:30] INFO: Fetched 5 disks
[2025-09-29 12:46:31] INFO: System is UP: Youtube (https://youtube.com) - Status 200 - 892ms
[2025-09-29 12:46:31] INFO: System SSL valid: Youtube (https://youtube.com) - 63 days left
[2025-09-29 12:46:31] ERROR: System DOWN: Github (https://github74d.com) - getaddrinfo ENOTFOUND github74d.com
[2025-09-29 12:46:31] ERROR: System DOWN: Payments API (https://api.example.com/payments) - getaddrinfo ENOTFOUND api.example.com
[2025-09-29 12:46:31] ERROR: System DOWN: Auth Service (https://auth.example.com) - getaddrinfo ENOTFOUND auth.example.com
[2025-09-29 12:46:32] ERROR: System DOWN: Reports Service (https://reports.example.com) - getaddrinfo ENOTFOUND reports.example.com
[2025-09-29 12:46:32] INFO: Database is reachable: production_db (192.168.1.10) - 5ms
[2025-09-29 12:46:32] ERROR: Database DOWN: production_db (192.168.1.10) - Invalid column name 'UpdatedAt'.
[2025-09-29 12:46:32] ERROR: Monitoring run failed: Invalid column name 'UpdatedAt'.
[2025-09-29 12:49:50] INFO: --- Running monitoring checks ---
[2025-09-29 12:49:50] INFO: Fetched 5 services
[2025-09-29 12:49:50] INFO: Fetched 3 databases
[2025-09-29 12:49:50] INFO: Fetched 5 disks
[2025-09-29 12:49:51] INFO: System is UP: Youtube (https://youtube.com) - Status 200 - 856ms
[2025-09-29 12:49:51] INFO: System SSL valid: Youtube (https://youtube.com) - 63 days left
[2025-09-29 12:49:51] ERROR: System DOWN: Github (https://github74d.com) - getaddrinfo ENOTFOUND github74d.com
[2025-09-29 12:49:51] ERROR: System DOWN: Payments API (https://api.example.com/payments) - getaddrinfo ENOTFOUND api.example.com
[2025-09-29 12:49:51] ERROR: System DOWN: Auth Service (https://auth.example.com) - getaddrinfo ENOTFOUND auth.example.com
[2025-09-29 12:49:51] ERROR: System DOWN: Reports Service (https://reports.example.com) - getaddrinfo ENOTFOUND reports.example.com
[2025-09-29 12:49:51] INFO: Database is reachable: production_db (192.168.1.10) - 7ms
[2025-09-29 12:49:51] ERROR: Database DOWN: production_db (192.168.1.10) - Invalid column name 'UpdatedAt'.
[2025-09-29 12:49:51] ERROR: Monitoring run failed: Invalid column name 'UpdatedAt'.
[2025-09-29 12:51:03] INFO: --- Running monitoring checks ---
[2025-09-29 12:51:03] INFO: Fetched 5 services
[2025-09-29 12:51:03] INFO: Fetched 3 databases
[2025-09-29 12:51:03] INFO: Fetched 5 disks
[2025-09-29 12:51:04] INFO: System is UP: Youtube (https://youtube.com) - Status 200 - 1015ms
[2025-09-29 12:51:04] INFO: System SSL valid: Youtube (https://youtube.com) - 63 days left
[2025-09-29 12:51:04] ERROR: System DOWN: Github (https://github74d.com) - getaddrinfo ENOTFOUND github74d.com
[2025-09-29 12:51:04] ERROR: System DOWN: Payments API (https://api.example.com/payments) - getaddrinfo ENOTFOUND api.example.com
[2025-09-29 12:51:04] ERROR: System DOWN: Auth Service (https://auth.example.com) - getaddrinfo ENOTFOUND auth.example.com
[2025-09-29 12:51:04] ERROR: System DOWN: Reports Service (https://reports.example.com) - getaddrinfo ENOTFOUND reports.example.com
[2025-09-29 12:51:04] INFO: Database is reachable: production_db (192.168.1.10) - 3ms
[2025-09-29 12:51:04] ERROR: Database DOWN: production_db (192.168.1.10) - Invalid column name 'UpdatedAt'.
[2025-09-29 12:51:04] ERROR: Monitoring run failed: Invalid column name 'UpdatedAt'.
[2025-09-29 12:52:12] INFO: --- Running monitoring checks ---
[2025-09-29 12:52:12] INFO: Fetched 5 services
[2025-09-29 12:52:12] INFO: Fetched 3 databases
[2025-09-29 12:52:12] INFO: Fetched 5 disks
[2025-09-29 12:52:13] INFO: System is UP: Youtube (https://youtube.com) - Status 200 - 1079ms
[2025-09-29 12:52:13] INFO: System SSL valid: Youtube (https://youtube.com) - 63 days left
[2025-09-29 12:52:13] ERROR: System DOWN: Github (https://github74d.com) - getaddrinfo ENOTFOUND github74d.com
[2025-09-29 12:52:13] ERROR: System DOWN: Payments API (https://api.example.com/payments) - getaddrinfo ENOTFOUND api.example.com
[2025-09-29 12:52:13] ERROR: System DOWN: Auth Service (https://auth.example.com) - getaddrinfo ENOTFOUND auth.example.com
[2025-09-29 12:52:13] ERROR: System DOWN: Reports Service (https://reports.example.com) - getaddrinfo ENOTFOUND reports.example.com
[2025-09-29 12:52:13] INFO: Database is reachable: production_db (192.168.1.10) - 2ms
[2025-09-29 12:52:13] ERROR: Database DOWN: production_db (192.168.1.10) - Invalid column name 'ResponseTime'.
[2025-09-29 12:52:13] ERROR: Monitoring run failed: Invalid column name 'ResponseTime'.
[2025-09-29 12:52:42] INFO: --- Running monitoring checks ---
[2025-09-29 12:52:42] INFO: Fetched 5 services
[2025-09-29 12:52:42] INFO: Fetched 3 databases
[2025-09-29 12:52:42] INFO: Fetched 5 disks
[2025-09-29 12:52:43] INFO: System is UP: Youtube (https://youtube.com) - Status 200 - 873ms
[2025-09-29 12:52:43] ERROR: System DOWN: Youtube (https://youtube.com) - Invalid column name 'ResponseTime'.
[2025-09-29 12:52:43] ERROR: Monitoring run failed: Invalid column name 'ResponseTime'.
[2025-09-29 12:53:05] INFO: --- Running monitoring checks ---
[2025-09-29 12:53:05] INFO: Fetched 5 services
[2025-09-29 12:53:05] INFO: Fetched 3 databases
[2025-09-29 12:53:05] INFO: Fetched 5 disks
[2025-09-29 12:53:07] INFO: System is UP: Youtube (https://youtube.com) - Status 200
[2025-09-29 12:53:07] INFO: System SSL valid: Youtube (https://youtube.com) - 63 days left
[2025-09-29 12:53:07] ERROR: System DOWN: Github (https://github74d.com) - getaddrinfo ENOTFOUND github74d.com
[2025-09-29 12:53:09] INFO: Alert email sent to leahw6160@gmail.com
[2025-09-29 12:53:31] ERROR: System DOWN: Payments API (https://api.example.com/payments) - getaddrinfo ENOTFOUND api.example.com
[2025-09-29 12:53:33] INFO: Alert email sent to devops@example.com
[2025-09-29 12:53:54] ERROR: System DOWN: Auth Service (https://auth.example.com) - getaddrinfo ENOTFOUND auth.example.com
[2025-09-29 12:53:56] INFO: Alert email sent to security@example.com
[2025-09-29 12:54:17] ERROR: System DOWN: Reports Service (https://reports.example.com) - getaddrinfo ENOTFOUND reports.example.com
[2025-09-29 12:54:20] INFO: Alert email sent to leahgitau007@gmail.com
[2025-09-29 12:54:41] INFO: Database is reachable: production_db (192.168.1.10)
[2025-09-29 12:54:41] INFO: Database is reachable: analytics (192.168.1.15)
[2025-09-29 12:54:41] INFO: Database is reachable: hr_system (192.168.1.20)
[2025-09-29 12:54:41] INFO: Disk OK: Server1 (C:) - Usage 80%
[2025-09-29 12:54:41] INFO: Disk OK: Server1 (D:) - Usage 20%
[2025-09-29 12:54:41] ERROR: Disk ALERT: Server2 (/var) - Disk /var usage high: 95%
[2025-09-29 12:54:43] INFO: Alert email sent to linux-admin@example.com
[2025-09-29 12:55:04] INFO: Disk OK: Server2 (/home) - Usage 40%
[2025-09-29 12:55:04] INFO: Disk OK: DBServer1 (/data) - Usage 85%
[2025-09-29 12:55:04] INFO: --- Checks complete ---
[2025-09-29 12:57:12] INFO: --- Running monitoring checks ---
[2025-09-29 12:57:12] INFO: Fetched 5 services
[2025-09-29 12:57:12] INFO: Fetched 3 databases
[2025-09-29 12:57:12] INFO: Fetched 5 disks
[2025-09-29 12:57:13] INFO: System is UP: Youtube (https://youtube.com) - Status 200
[2025-09-29 12:57:13] INFO: System SSL valid: Youtube (https://youtube.com) - 63 days left
[2025-09-29 12:57:13] ERROR: System DOWN: Github (https://github74d.com) - getaddrinfo ENOTFOUND github74d.com
[2025-09-29 12:57:16] INFO: Alert email sent to leahw6160@gmail.com
[2025-09-29 12:57:37] ERROR: System DOWN: Payments API (https://api.example.com/payments) - getaddrinfo ENOTFOUND api.example.com
[2025-09-29 12:57:39] INFO: Alert email sent to devops@example.com
[2025-09-29 12:58:01] ERROR: System DOWN: Auth Service (https://auth.example.com) - getaddrinfo ENOTFOUND auth.example.com
[2025-09-29 12:58:03] INFO: Alert email sent to security@example.com
[2025-09-29 12:58:24] ERROR: System DOWN: Reports Service (https://reports.example.com) - getaddrinfo ENOTFOUND reports.example.com
[2025-09-29 12:58:26] INFO: Alert email sent to leahgitau007@gmail.com
[2025-09-29 12:58:47] INFO: Database is reachable: production_db (192.168.1.10)
[2025-09-29 12:58:47] INFO: Database is reachable: analytics (192.168.1.15)
[2025-09-29 12:58:47] INFO: Database is reachable: hr_system (192.168.1.20)
[2025-09-29 12:58:47] INFO: Disk OK: Server1 (C:) - Usage 80%
[2025-09-29 12:58:47] INFO: Disk OK: Server1 (D:) - Usage 20%
[2025-09-29 12:58:47] ERROR: Disk ALERT: Server2 (/var) - Disk /var usage high: 95%
[2025-09-29 12:58:47] ERROR: Monitoring run failed: The UPDATE statement conflicted with the CHECK constraint "CK_DiskMonitoring_Status". The conflict occurred in database "SystemMonitor2", table "dbo.Disk", column 'Status'.
[2025-09-29 13:00:49] INFO: --- Running monitoring checks ---
[2025-09-29 13:00:49] INFO: Fetched 5 services
[2025-09-29 13:00:49] INFO: Fetched 3 databases
[2025-09-29 13:00:49] INFO: Fetched 5 disks
[2025-09-29 13:00:50] INFO: System is UP: Youtube (https://youtube.com) - Status 200
[2025-09-29 13:00:50] INFO: System SSL valid: Youtube (https://youtube.com) - 63 days left
[2025-09-29 13:00:50] ERROR: System DOWN: Github (https://github74d.com) - getaddrinfo ENOTFOUND github74d.com
[2025-09-29 13:00:53] INFO: Alert email sent to leahw6160@gmail.com
[2025-09-29 13:01:14] ERROR: System DOWN: Payments API (https://api.example.com/payments) - getaddrinfo ENOTFOUND api.example.com
[2025-09-29 13:01:16] INFO: Alert email sent to devops@example.com
[2025-09-29 13:01:37] ERROR: System DOWN: Auth Service (https://auth.example.com) - getaddrinfo ENOTFOUND auth.example.com
[2025-09-29 13:01:40] INFO: Alert email sent to security@example.com
[2025-09-29 13:02:01] ERROR: System DOWN: Reports Service (https://reports.example.com) - getaddrinfo ENOTFOUND reports.example.com
[2025-09-29 13:02:03] INFO: Alert email sent to leahgitau007@gmail.com
[2025-09-29 13:02:24] INFO: Database is reachable: production_db (192.168.1.10)
[2025-09-29 13:02:24] INFO: Database is reachable: analytics (192.168.1.15)
[2025-09-29 13:02:24] INFO: Database is reachable: hr_system (192.168.1.20)
[2025-09-29 13:02:24] INFO: Disk OK: Server1 (C:) - Usage 80%
[2025-09-29 13:02:24] ERROR: Disk check failed: Server1 (C:) - updateDiskStatus is not defined
[2025-09-29 13:02:24] INFO: Disk OK: Server1 (D:) - Usage 20%
[2025-09-29 13:02:24] ERROR: Disk check failed: Server1 (D:) - updateDiskStatus is not defined
[2025-09-29 13:02:24] ERROR: Disk ALERT: Server2 (/var) - Disk /var usage high: 95%
[2025-09-29 13:02:26] INFO: Alert email sent to linux-admin@example.com
[2025-09-29 13:02:47] ERROR: Disk check failed: Server2 (/var) - updateDiskStatus is not defined
[2025-09-29 13:02:47] INFO: Disk OK: Server2 (/home) - Usage 40%
[2025-09-29 13:02:47] ERROR: Disk check failed: Server2 (/home) - updateDiskStatus is not defined
[2025-09-29 13:02:47] INFO: Disk OK: DBServer1 (/data) - Usage 85%
[2025-09-29 13:02:47] ERROR: Disk check failed: DBServer1 (/data) - updateDiskStatus is not defined
[2025-09-29 13:02:47] INFO: --- Checks complete ---
[2025-09-29 13:04:25] INFO: --- Running monitoring checks ---
[2025-09-29 13:04:25] INFO: Fetched 5 services
[2025-09-29 13:04:25] INFO: Fetched 3 databases
[2025-09-29 13:04:25] INFO: Fetched 5 disks
[2025-09-29 13:04:26] INFO: System is UP: Youtube (https://youtube.com) - Status 200
[2025-09-29 13:04:26] INFO: System SSL valid: Youtube (https://youtube.com) - 63 days left
[2025-09-29 13:04:26] ERROR: System DOWN: Github (https://github74d.com) - getaddrinfo ENOTFOUND github74d.com
[2025-09-29 13:04:29] INFO: Alert email sent to leahw6160@gmail.com
[2025-09-29 13:04:50] ERROR: System DOWN: Payments API (https://api.example.com/payments) - getaddrinfo ENOTFOUND api.example.com
[2025-09-29 13:04:52] INFO: Alert email sent to devops@example.com
[2025-09-29 13:05:13] ERROR: System DOWN: Auth Service (https://auth.example.com) - getaddrinfo ENOTFOUND auth.example.com
[2025-09-29 13:05:15] INFO: Alert email sent to security@example.com
[2025-09-29 13:05:36] ERROR: System DOWN: Reports Service (https://reports.example.com) - getaddrinfo ENOTFOUND reports.example.com
[2025-09-29 13:05:38] INFO: Alert email sent to leahgitau007@gmail.com
[2025-09-29 13:05:59] INFO: Database is reachable: production_db (192.168.1.10)
[2025-09-29 13:05:59] INFO: Database is reachable: analytics (192.168.1.15)
[2025-09-29 13:05:59] INFO: Database is reachable: hr_system (192.168.1.20)
[2025-09-29 13:05:59] INFO: Disk OK: Server1 (C:) - Usage 80%
[2025-09-29 13:05:59] ERROR: Disk check failed: Server1 (C:) - Invalid column name 'UpdatedAt'.
[2025-09-29 13:05:59] INFO: Disk OK: Server1 (D:) - Usage 20%
[2025-09-29 13:05:59] ERROR: Disk check failed: Server1 (D:) - Invalid column name 'UpdatedAt'.
[2025-09-29 13:05:59] ERROR: Disk ALERT: Server2 (/var) - Disk /var usage high: 95%
[2025-09-29 13:06:02] INFO: Alert email sent to linux-admin@example.com
[2025-09-29 13:06:23] ERROR: Disk check failed: Server2 (/var) - Invalid column name 'UpdatedAt'.
[2025-09-29 13:06:23] INFO: Disk OK: Server2 (/home) - Usage 40%
[2025-09-29 13:06:23] ERROR: Disk check failed: Server2 (/home) - Invalid column name 'UpdatedAt'.
[2025-09-29 13:06:23] INFO: Disk OK: DBServer1 (/data) - Usage 85%
[2025-09-29 13:06:23] ERROR: Disk check failed: DBServer1 (/data) - Invalid column name 'UpdatedAt'.
[2025-09-29 13:06:23] INFO: --- Checks complete ---
[2025-09-29 13:07:06] INFO: --- Running monitoring checks ---
[2025-09-29 13:07:06] INFO: Fetched 5 services
[2025-09-29 13:07:06] INFO: Fetched 3 databases
[2025-09-29 13:07:06] INFO: Fetched 5 disks
[2025-09-29 13:07:07] INFO: System is UP: Youtube (https://youtube.com) - Status 200
[2025-09-29 13:07:07] INFO: System SSL valid: Youtube (https://youtube.com) - 63 days left
[2025-09-29 13:07:07] ERROR: System DOWN: Github (https://github74d.com) - getaddrinfo ENOTFOUND github74d.com
[2025-09-29 13:07:09] INFO: Alert email sent to leahw6160@gmail.com
[2025-09-29 13:07:30] ERROR: System DOWN: Payments API (https://api.example.com/payments) - getaddrinfo ENOTFOUND api.example.com
[2025-09-29 13:07:32] INFO: Alert email sent to devops@example.com
[2025-09-29 13:07:54] ERROR: System DOWN: Auth Service (https://auth.example.com) - getaddrinfo ENOTFOUND auth.example.com
[2025-09-29 13:07:56] INFO: Alert email sent to security@example.com
[2025-09-29 13:08:17] ERROR: System DOWN: Reports Service (https://reports.example.com) - getaddrinfo ENOTFOUND reports.example.com
[2025-09-29 13:08:19] INFO: Alert email sent to leahgitau007@gmail.com
[2025-09-29 13:08:40] INFO: Database is reachable: production_db (192.168.1.10)
[2025-09-29 13:08:40] INFO: Database is reachable: analytics (192.168.1.15)
[2025-09-29 13:08:40] INFO: Database is reachable: hr_system (192.168.1.20)
[2025-09-29 13:08:40] INFO: Disk OK: Server1 (C:) - Usage 80%
[2025-09-29 13:08:40] INFO: Disk OK: Server1 (D:) - Usage 20%
[2025-09-29 13:08:40] ERROR: Disk ALERT: Server2 (/var) - Disk /var usage high: 95%
[2025-09-29 13:08:43] INFO: Alert email sent to linux-admin@example.com
[2025-09-29 13:09:04] INFO: Disk OK: Server2 (/home) - Usage 40%
[2025-09-29 13:09:04] INFO: Disk OK: DBServer1 (/data) - Usage 85%
[2025-09-29 13:09:04] INFO: --- Checks complete ---
[2025-09-29 14:07:06] INFO: --- Running monitoring checks ---
[2025-09-29 14:07:06] INFO: Fetched 5 services
[2025-09-29 14:07:06] INFO: Fetched 3 databases
[2025-09-29 14:07:06] INFO: Fetched 5 disks
[2025-09-29 14:07:07] INFO: System is UP: Youtube (https://youtube.com) - Status 200
[2025-09-29 14:07:07] INFO: System SSL valid: Youtube (https://youtube.com) - 63 days left
[2025-09-29 14:07:08] ERROR: System DOWN: Github (https://github74d.com) - getaddrinfo ENOTFOUND github74d.com
[2025-09-29 14:07:10] INFO: Alert email sent to leahw6160@gmail.com
[2025-09-29 14:07:31] ERROR: System DOWN: Payments API (https://api.example.com/payments) - getaddrinfo ENOTFOUND api.example.com
[2025-09-29 14:07:34] INFO: Alert email sent to devops@example.com
[2025-09-29 14:07:55] ERROR: System DOWN: Auth Service (https://auth.example.com) - getaddrinfo ENOTFOUND auth.example.com
[2025-09-29 14:07:57] INFO: Alert email sent to security@example.com
[2025-09-29 14:08:18] ERROR: System DOWN: Reports Service (https://reports.example.com) - getaddrinfo ENOTFOUND reports.example.com
[2025-09-29 14:08:21] INFO: Alert email sent to leahgitau007@gmail.com
[2025-09-29 14:08:42] INFO: Database is reachable: production_db (192.168.1.10)
[2025-09-29 14:08:42] INFO: Database is reachable: analytics (192.168.1.15)
[2025-09-29 14:08:42] INFO: Database is reachable: hr_system (192.168.1.20)
[2025-09-29 14:08:42] INFO: Disk OK: Server1 (C:) - Usage 80%
[2025-09-29 14:08:42] INFO: Disk OK: Server1 (D:) - Usage 20%
[2025-09-29 14:08:42] ERROR: Disk ALERT: Server2 (/var) - Disk /var usage high: 95%
[2025-09-29 14:08:44] INFO: Alert email sent to linux-admin@example.com
[2025-09-29 14:09:05] INFO: Disk OK: Server2 (/home) - Usage 40%
[2025-09-29 14:09:05] INFO: Disk OK: DBServer1 (/data) - Usage 85%
[2025-09-29 14:09:05] INFO: --- Checks complete ---
[2025-09-29 14:12:33] INFO: --- Running monitoring checks ---
[2025-09-29 14:12:33] INFO: Fetched 5 services
[2025-09-29 14:12:33] INFO: Fetched 3 databases
[2025-09-29 14:12:33] INFO: Fetched 5 disks
[2025-09-29 14:12:34] INFO: System is UP: Youtube (https://youtube.com) - Status 200
[2025-09-29 14:12:34] INFO: System SSL valid: Youtube (https://youtube.com) - 63 days left
[2025-09-29 14:12:34] ERROR: System DOWN: Github (https://github74d.com) - getaddrinfo ENOTFOUND github74d.com
[2025-09-29 14:12:37] INFO: Alert email sent to leahw6160@gmail.com
[2025-09-29 14:12:58] ERROR: System DOWN: Payments API (https://api.example.com/payments) - getaddrinfo ENOTFOUND api.example.com
[2025-09-29 14:13:00] INFO: Alert email sent to devops@example.com
[2025-09-29 14:13:21] ERROR: System DOWN: Auth Service (https://auth.example.com) - getaddrinfo ENOTFOUND auth.example.com
[2025-09-29 14:13:23] INFO: Alert email sent to security@example.com
[2025-09-29 14:13:45] ERROR: System DOWN: Reports Service (https://reports.example.com) - getaddrinfo ENOTFOUND reports.example.com
[2025-09-29 14:13:47] INFO: Alert email sent to leahgitau007@gmail.com
[2025-09-29 14:14:08] INFO: Database is reachable: production_db (192.168.1.10)
[2025-09-29 14:14:08] INFO: Database is reachable: analytics (192.168.1.15)
[2025-09-29 14:14:08] INFO: Database is reachable: hr_system (192.168.1.20)
[2025-09-29 14:14:08] INFO: Disk OK: Server1 (C:) - Usage 80%
[2025-09-29 14:14:08] INFO: Disk OK: Server1 (D:) - Usage 20%
[2025-09-29 14:14:08] ERROR: Disk ALERT: Server2 (/var) - Disk /var usage high: 95%
[2025-09-29 14:14:10] INFO: Alert email sent to linux-admin@example.com
[2025-09-29 14:14:31] INFO: Disk OK: Server2 (/home) - Usage 40%
[2025-09-29 14:14:31] INFO: Disk OK: DBServer1 (/data) - Usage 85%
[2025-09-29 14:14:31] INFO: --- Checks complete ---
[2025-09-29 14:51:57] INFO: --- Running monitoring checks ---
[2025-09-29 14:51:57] INFO: Fetched 5 services
[2025-09-29 14:51:57] INFO: Fetched 3 databases
[2025-09-29 14:51:57] INFO: Fetched 5 disks
[2025-09-29 14:51:58] INFO: System is UP: Youtube (https://youtube.com) - Status 200
[2025-09-29 14:51:58] INFO: System SSL valid: Youtube (https://youtube.com) - 63 days left
[2025-09-29 14:51:58] ERROR: System DOWN: Github (https://github74d.com) - getaddrinfo ENOTFOUND github74d.com
[2025-09-29 14:52:01] INFO: Alert email sent to leahw6160@gmail.com
[2025-09-29 14:52:22] ERROR: System DOWN: Payments API (https://api.example.com/payments) - getaddrinfo ENOTFOUND api.example.com
[2025-09-29 14:52:25] INFO: Alert email sent to devops@example.com
[2025-09-29 14:52:46] ERROR: System DOWN: Auth Service (https://auth.example.com) - getaddrinfo ENOTFOUND auth.example.com
[2025-09-29 14:52:48] INFO: Alert email sent to security@example.com
[2025-09-29 14:53:09] ERROR: System DOWN: Reports Service (https://reports.example.com) - getaddrinfo ENOTFOUND reports.example.com
[2025-09-29 14:53:12] INFO: Alert email sent to leahgitau007@gmail.com
[2025-09-29 14:53:33] INFO: Database is reachable: production_db (192.168.1.10)
[2025-09-29 14:53:33] INFO: Database is reachable: analytics (192.168.1.15)
[2025-09-29 14:53:33] INFO: Database is reachable: hr_system (192.168.1.20)
[2025-09-29 14:53:33] INFO: Disk OK: Server1 (C:) - Usage 80%
[2025-09-29 14:53:33] INFO: Disk OK: Server1 (D:) - Usage 20%
[2025-09-29 14:53:33] ERROR: Disk ALERT: Server2 (/var) - Disk /var usage high: 95%
[2025-09-29 14:53:35] INFO: Alert email sent to linux-admin@example.com
[2025-09-29 14:53:56] INFO: Disk OK: Server2 (/home) - Usage 40%
[2025-09-29 14:53:56] INFO: Disk OK: DBServer1 (/data) - Usage 85%
[2025-09-29 14:53:56] INFO: --- Checks complete ---
[2025-09-29 15:51:57] INFO: --- Running monitoring checks ---
[2025-09-29 15:51:57] INFO: Fetched 5 services
[2025-09-29 15:51:57] INFO: Fetched 3 databases
[2025-09-29 15:51:57] INFO: Fetched 5 disks
[2025-09-29 15:51:59] INFO: System is UP: Youtube (https://youtube.com) - Status 200
[2025-09-29 15:51:59] INFO: System SSL valid: Youtube (https://youtube.com) - 63 days left
[2025-09-29 15:51:59] ERROR: System DOWN: Github (https://github74d.com) - getaddrinfo ENOTFOUND github74d.com
[2025-09-29 15:52:02] INFO: Alert email sent to leahw6160@gmail.com
[2025-09-29 15:52:23] ERROR: System DOWN: Payments API (https://api.example.com/payments) - getaddrinfo ENOTFOUND api.example.com
[2025-09-29 15:52:25] INFO: Alert email sent to devops@example.com
[2025-09-29 15:52:46] ERROR: System DOWN: Auth Service (https://auth.example.com) - getaddrinfo ENOTFOUND auth.example.com
[2025-09-29 15:52:48] INFO: Alert email sent to security@example.com
[2025-09-29 15:53:10] ERROR: System DOWN: Reports Service (https://reports.example.com) - getaddrinfo ENOTFOUND reports.example.com
[2025-09-29 15:53:13] INFO: Alert email sent to leahgitau007@gmail.com
[2025-09-29 15:53:34] INFO: Database is reachable: production_db (192.168.1.10)
[2025-09-29 15:53:34] INFO: Database is reachable: analytics (192.168.1.15)
[2025-09-29 15:53:34] INFO: Database is reachable: hr_system (192.168.1.20)
[2025-09-29 15:53:34] INFO: Disk OK: Server1 (C:) - Usage 80%
[2025-09-29 15:53:34] INFO: Disk OK: Server1 (D:) - Usage 20%
[2025-09-29 15:53:34] ERROR: Disk ALERT: Server2 (/var) - Disk /var usage high: 95%
[2025-09-29 15:53:36] INFO: Alert email sent to linux-admin@example.com
[2025-09-29 15:53:57] INFO: Disk OK: Server2 (/home) - Usage 40%
[2025-09-29 15:53:57] INFO: Disk OK: DBServer1 (/data) - Usage 85%
[2025-09-29 15:53:57] INFO: --- Checks complete ---
[2025-09-29 16:51:57] INFO: --- Running monitoring checks ---
[2025-09-29 16:51:57] INFO: Fetched 5 services
[2025-09-29 16:51:57] INFO: Fetched 3 databases
[2025-09-29 16:51:57] INFO: Fetched 5 disks
[2025-09-29 16:51:58] INFO: System is UP: Youtube (https://youtube.com) - Status 200
[2025-09-29 16:51:58] INFO: System SSL valid: Youtube (https://youtube.com) - 63 days left
[2025-09-29 16:51:58] ERROR: System DOWN: Github (https://github74d.com) - getaddrinfo ENOTFOUND github74d.com
[2025-09-29 16:52:01] INFO: Alert email sent to leahw6160@gmail.com
[2025-09-29 16:52:22] ERROR: System DOWN: Payments API (https://api.example.com/payments) - getaddrinfo ENOTFOUND api.example.com
[2025-09-29 16:52:24] INFO: Alert email sent to devops@example.com
[2025-09-29 16:52:46] ERROR: System DOWN: Auth Service (https://auth.example.com) - getaddrinfo ENOTFOUND auth.example.com
[2025-09-29 16:52:48] INFO: Alert email sent to security@example.com
[2025-09-29 16:53:09] ERROR: System DOWN: Reports Service (https://reports.example.com) - getaddrinfo ENOTFOUND reports.example.com
[2025-09-29 16:53:12] INFO: Alert email sent to leahgitau007@gmail.com
[2025-09-29 16:53:33] INFO: Database is reachable: production_db (192.168.1.10)
[2025-09-29 16:53:33] INFO: Database is reachable: analytics (192.168.1.15)
[2025-09-29 16:53:33] INFO: Database is reachable: hr_system (192.168.1.20)
[2025-09-29 16:53:33] INFO: Disk OK: Server1 (C:) - Usage 80%
[2025-09-29 16:53:33] INFO: Disk OK: Server1 (D:) - Usage 20%
[2025-09-29 16:53:33] ERROR: Disk ALERT: Server2 (/var) - Disk /var usage high: 95%
[2025-09-29 16:53:35] INFO: Alert email sent to linux-admin@example.com
[2025-09-29 16:53:56] INFO: Disk OK: Server2 (/home) - Usage 40%
[2025-09-29 16:53:56] INFO: Disk OK: DBServer1 (/data) - Usage 85%
[2025-09-29 16:53:56] INFO: --- Checks complete ---
[2025-09-30 09:06:11] INFO: --- Running monitoring checks ---
[2025-09-30 09:06:11] INFO: Fetched 5 services
[2025-09-30 09:06:11] INFO: Fetched 3 databases
[2025-09-30 09:06:11] INFO: Fetched 5 disks
[2025-09-30 09:06:12] INFO: System is UP: Youtube (https://youtube.com) - Status 200
[2025-09-30 09:06:12] INFO: System SSL valid: Youtube (https://youtube.com) - 63 days left
[2025-09-30 09:06:13] ERROR: System DOWN: Github (https://github74d.com) - getaddrinfo ENOTFOUND github74d.com
[2025-09-30 09:06:16] INFO: Alert email sent to leahw6160@gmail.com
[2025-09-30 09:06:37] ERROR: System DOWN: Payments API (https://api.example.com/payments) - getaddrinfo ENOTFOUND api.example.com
[2025-09-30 09:06:40] INFO: Alert email sent to devops@example.com
[2025-09-30 09:07:01] ERROR: System DOWN: Auth Service (https://auth.example.com) - getaddrinfo ENOTFOUND auth.example.com
[2025-09-30 09:07:03] INFO: Alert email sent to security@example.com
[2025-09-30 09:07:24] ERROR: System DOWN: Reports Service (https://reports.example.com) - getaddrinfo ENOTFOUND reports.example.com
[2025-09-30 09:07:27] INFO: Alert email sent to leahgitau007@gmail.com
[2025-09-30 09:07:48] INFO: Database is reachable: production_db (192.168.1.10)
[2025-09-30 09:07:48] INFO: Database is reachable: analytics (192.168.1.15)
[2025-09-30 09:07:48] INFO: Database is reachable: hr_system (192.168.1.20)
[2025-09-30 09:07:48] INFO: Disk OK: Server1 (C:) - Usage 80%
[2025-09-30 09:07:48] INFO: Disk OK: Server1 (D:) - Usage 20%
[2025-09-30 09:07:48] ERROR: Disk ALERT: Server2 (/var) - Disk /var usage high: 95%
[2025-09-30 09:07:50] INFO: Alert email sent to linux-admin@example.com
[2025-09-30 09:08:11] INFO: Disk OK: Server2 (/home) - Usage 40%
[2025-09-30 09:08:11] INFO: Disk OK: DBServer1 (/data) - Usage 85%
[2025-09-30 09:08:11] INFO: --- Checks complete ---
[2025-09-30 10:06:11] INFO: --- Running monitoring checks ---
[2025-09-30 10:06:11] INFO: Fetched 5 services
[2025-09-30 10:06:11] INFO: Fetched 3 databases
[2025-09-30 10:06:11] INFO: Fetched 5 disks
[2025-09-30 10:06:12] INFO: System is UP: Youtube (https://youtube.com) - Status 200
[2025-09-30 10:06:12] INFO: System SSL valid: Youtube (https://youtube.com) - 63 days left
[2025-09-30 10:06:12] ERROR: System DOWN: Github (https://github74d.com) - getaddrinfo ENOTFOUND github74d.com
[2025-09-30 10:06:15] INFO: Alert email sent to leahw6160@gmail.com
[2025-09-30 10:06:36] ERROR: System DOWN: Payments API (https://api.example.com/payments) - getaddrinfo ENOTFOUND api.example.com
[2025-09-30 10:06:38] INFO: Alert email sent to devops@example.com
[2025-09-30 10:06:59] ERROR: System DOWN: Auth Service (https://auth.example.com) - getaddrinfo ENOTFOUND auth.example.com
[2025-09-30 10:07:02] INFO: Alert email sent to security@example.com
[2025-09-30 10:07:23] ERROR: System DOWN: Reports Service (https://reports.example.com) - getaddrinfo ENOTFOUND reports.example.com
[2025-09-30 10:07:25] INFO: Alert email sent to leahgitau007@gmail.com
[2025-09-30 10:07:46] INFO: Database is reachable: production_db (192.168.1.10)
[2025-09-30 10:07:46] INFO: Database is reachable: analytics (192.168.1.15)
[2025-09-30 10:07:46] INFO: Database is reachable: hr_system (192.168.1.20)
[2025-09-30 10:07:46] INFO: Disk OK: Server1 (C:) - Usage 80%
[2025-09-30 10:07:46] INFO: Disk OK: Server1 (D:) - Usage 20%
[2025-09-30 10:07:46] ERROR: Disk ALERT: Server2 (/var) - Disk /var usage high: 95%
[2025-09-30 10:07:48] INFO: Alert email sent to linux-admin@example.com
[2025-09-30 10:08:10] INFO: Disk OK: Server2 (/home) - Usage 40%
[2025-09-30 10:08:10] INFO: Disk OK: DBServer1 (/data) - Usage 85%
[2025-09-30 10:08:10] INFO: --- Checks complete ---
[2025-09-30 11:06:11] INFO: --- Running monitoring checks ---
[2025-09-30 11:06:11] INFO: Fetched 5 services
[2025-09-30 11:06:11] INFO: Fetched 3 databases
[2025-09-30 11:06:11] INFO: Fetched 5 disks
[2025-09-30 11:06:12] INFO: System is UP: Youtube (https://youtube.com) - Status 200
[2025-09-30 11:06:12] INFO: System SSL valid: Youtube (https://youtube.com) - 63 days left
[2025-09-30 11:06:12] ERROR: System DOWN: Github (https://github74d.com) - getaddrinfo ENOTFOUND github74d.com
[2025-09-30 11:06:15] INFO: Alert email sent to leahw6160@gmail.com
[2025-09-30 11:06:36] ERROR: System DOWN: Payments API (https://api.example.com/payments) - getaddrinfo ENOTFOUND api.example.com
[2025-09-30 11:06:38] INFO: Alert email sent to devops@example.com
[2025-09-30 11:07:00] ERROR: System DOWN: Auth Service (https://auth.example.com) - getaddrinfo ENOTFOUND auth.example.com
[2025-09-30 11:07:02] INFO: Alert email sent to security@example.com
[2025-09-30 11:07:23] ERROR: System DOWN: Reports Service (https://reports.example.com) - getaddrinfo ENOTFOUND reports.example.com
[2025-09-30 11:07:25] INFO: Alert email sent to leahgitau007@gmail.com
[2025-09-30 11:07:46] INFO: Database is reachable: production_db (192.168.1.10)
[2025-09-30 11:07:46] INFO: Database is reachable: analytics (192.168.1.15)
[2025-09-30 11:07:46] INFO: Database is reachable: hr_system (192.168.1.20)
[2025-09-30 11:07:46] INFO: Disk OK: Server1 (C:) - Usage 80%
[2025-09-30 11:07:46] INFO: Disk OK: Server1 (D:) - Usage 20%
[2025-09-30 11:07:46] ERROR: Disk ALERT: Server2 (/var) - Disk /var usage high: 95%
[2025-09-30 11:07:48] INFO: Alert email sent to linux-admin@example.com
[2025-09-30 11:08:10] INFO: Disk OK: Server2 (/home) - Usage 40%
[2025-09-30 11:08:10] INFO: Disk OK: DBServer1 (/data) - Usage 85%
[2025-09-30 11:08:10] INFO: --- Checks complete ---
[2025-09-30 11:58:56] INFO: --- Running monitoring checks ---
[2025-09-30 11:58:57] INFO: Fetched 5 services
[2025-09-30 11:58:57] INFO: Fetched 3 databases
[2025-09-30 11:58:57] INFO: Fetched 5 disks
[2025-09-30 11:58:57] INFO: System is UP: Youtube (https://youtube.com) - Status 200
[2025-09-30 11:58:58] INFO: System SSL valid: Youtube (https://youtube.com) - 62 days left
[2025-09-30 11:58:58] ERROR: System DOWN: Github (https://github74d.com) - getaddrinfo ENOTFOUND github74d.com
[2025-09-30 11:59:00] INFO: Alert email sent to leahw6160@gmail.com
[2025-09-30 11:59:22] ERROR: System DOWN: Payments API (https://api.example.com/payments) - getaddrinfo ENOTFOUND api.example.com
[2025-09-30 11:59:24] INFO: Alert email sent to devops@example.com
[2025-09-30 11:59:45] ERROR: System DOWN: Auth Service (https://auth.example.com) - getaddrinfo ENOTFOUND auth.example.com
[2025-09-30 11:59:48] INFO: Alert email sent to security@example.com
[2025-09-30 12:00:09] ERROR: System DOWN: Reports Service (https://reports.example.com) - getaddrinfo ENOTFOUND reports.example.com
[2025-09-30 12:00:11] INFO: Alert email sent to leahgitau007@gmail.com
[2025-09-30 12:00:32] INFO: Database is reachable: production_db (192.168.1.10)
[2025-09-30 12:00:32] INFO: Database is reachable: analytics (192.168.1.15)
[2025-09-30 12:00:32] INFO: Database is reachable: hr_system (192.168.1.20)
[2025-09-30 12:00:32] INFO: Disk OK: Server1 (C:) - Usage 80%
[2025-09-30 12:00:32] INFO: Disk OK: Server1 (D:) - Usage 20%
[2025-09-30 12:00:32] ERROR: Disk ALERT: Server2 (/var) - Disk /var usage high: 95%
[2025-09-30 12:00:34] INFO: Alert email sent to linux-admin@example.com
[2025-09-30 12:00:55] INFO: Disk OK: Server2 (/home) - Usage 40%
[2025-09-30 12:00:55] INFO: Disk OK: DBServer1 (/data) - Usage 85%
[2025-09-30 12:00:55] INFO: --- Checks complete ---
[2025-09-30 16:40:48] INFO: --- Running monitoring checks ---
[2025-09-30 16:40:48] ERROR: Monitoring run failed: The "config.server" property is required and must be of type string.
[2025-09-30 16:45:35] INFO: --- Running monitoring checks ---
[2025-09-30 16:45:35] ERROR: Monitoring run failed: Failed to connect to localhost:1433 - Could not connect (sequence)
[2025-09-30 17:24:49] INFO: --- Running monitoring checks ---
[2025-09-30 17:25:04] ERROR: Monitoring run failed: Failed to connect to 172.17.40.2\SQL2017,55770 in 15000ms
[2025-10-01 13:14:19] INFO: --- Running monitoring checks ---
[2025-10-01 13:14:34] ERROR: Monitoring run failed: Failed to connect to 172.17.40.2\SQL2017,55770 in 15000ms
[2025-10-01 13:23:58] INFO: --- Running monitoring checks ---
[2025-10-01 13:24:13] ERROR: Monitoring run failed: Failed to connect to 172.17.40.2\SQL2017,55770 in 15000ms
[2025-10-01 14:20:26] INFO: --- Running monitoring checks ---
[2025-10-01 14:20:41] ERROR: Monitoring run failed: Failed to connect to 172.17.40.2\SQL2017,55770 in 15000ms
[2025-10-01 14:22:22] INFO: --- Running monitoring checks ---
[2025-10-01 14:22:38] ERROR: Monitoring run failed: Failed to connect to 172.17.40.2:1433 in 15000ms
[2025-10-01 14:27:05] INFO: --- Running monitoring checks ---
[2025-10-01 14:27:20] ERROR: Monitoring run failed: Failed to connect to 172.17.40.2:1433 in 15000ms
[2025-10-01 14:41:52] INFO: --- Running monitoring checks ---
[2025-10-01 14:42:07] ERROR: Monitoring run failed: Failed to connect to 172.17.40.2:1433 in 15000ms
[2025-10-01 14:51:38] INFO: --- Running monitoring checks ---
[2025-10-01 14:51:53] ERROR: Monitoring run failed: Failed to connect to 172.17.40.2:1433 in 15000ms
[2025-10-01 15:10:18] INFO: --- Running monitoring checks ---
[2025-10-01 15:10:33] ERROR: Monitoring run failed: Failed to connect to 172.17.40.2:1433 in 15000ms
[2025-10-01 15:24:25] INFO: --- Running monitoring checks ---
[2025-10-01 15:24:27] ERROR: Monitoring run failed: Failed to connect to 172.17.50.13:1433 - Could not connect (sequence)
[2025-10-01 15:28:49] INFO: --- Running monitoring checks ---
[2025-10-01 15:29:04] ERROR: Monitoring run failed: Failed to connect to 172.17.40.2:1433 in 15000ms
[2025-10-01 16:18:42] INFO: --- Running monitoring checks ---
[2025-10-01 16:18:43] INFO: Fetched 0 services
[2025-10-01 16:18:43] INFO: Fetched 0 databases
[2025-10-01 16:18:43] INFO: Fetched 0 disks
[2025-10-01 16:18:43] INFO: --- Checks complete ---
[2025-10-01 16:59:56] INFO: --- Running monitoring checks ---
[2025-10-01 16:59:56] INFO: Fetched 5 services
[2025-10-01 16:59:56] INFO: Fetched 3 databases
[2025-10-01 16:59:56] INFO: Fetched 0 disks
[2025-10-01 16:59:58] INFO: System is UP: Youtube (https://youtube.com) - Status 200
[2025-10-01 16:59:59] INFO: System SSL valid: Youtube (https://youtube.com) - 68 days left
[2025-10-01 16:59:59] ERROR: System DOWN: Github (https://githu234b.com) - getaddrinfo ENOTFOUND githu234b.com
[2025-10-01 17:00:20] ERROR: Email failed: connect ETIMEDOUT 64.233.166.108:465
[2025-10-01 17:00:24] ERROR: System DOWN: Payments API (https://api.example.com/payments) - getaddrinfo ENOTFOUND api.example.com
[2025-10-01 17:00:45] ERROR: Email failed: connect ETIMEDOUT 64.233.166.108:465
[2025-10-01 17:00:45] ERROR: System DOWN: Auth Service (https://auth.example.com) - getaddrinfo ENOTFOUND auth.example.com
[2025-10-01 17:01:06] ERROR: Email failed: connect ETIMEDOUT 64.233.166.108:465
[2025-10-01 17:01:06] ERROR: System DOWN: Reports Service (https://reports.example.com) - getaddrinfo ENOTFOUND reports.example.com
[2025-10-01 17:01:27] ERROR: Email failed: connect ETIMEDOUT 64.233.166.108:465
[2025-10-01 17:01:28] INFO: Database is reachable: production_db (192.168.1.10)
[2025-10-01 17:01:28] INFO: Database is reachable: analytics (192.168.1.15)
[2025-10-01 17:01:28] INFO: Database is reachable: hr_system (192.168.1.20)
[2025-10-01 17:01:28] INFO: --- Checks complete ---
[2025-10-01 17:32:35] INFO: --- Running monitoring checks ---
[2025-10-01 17:32:36] INFO: Fetched 5 services
[2025-10-01 17:32:36] INFO: Fetched 3 databases
[2025-10-01 17:32:36] INFO: Fetched 0 disks
[2025-10-01 17:32:38] INFO: System is UP: Youtube (https://youtube.com) - Status 200
[2025-10-01 17:32:38] INFO: System SSL valid: Youtube (https://youtube.com) - 68 days left
[2025-10-01 17:32:38] ERROR: System DOWN: Github (https://githu234b.com) - getaddrinfo ENOTFOUND githu234b.com
[2025-10-01 17:32:59] ERROR: Email failed: connect ETIMEDOUT 74.125.71.109:465
[2025-10-01 17:33:00] ERROR: System DOWN: Payments API (https://api.example.com/payments) - getaddrinfo ENOTFOUND api.example.com
[2025-10-01 17:33:21] ERROR: Email failed: connect ETIMEDOUT 74.125.71.109:465
[2025-10-01 17:33:21] ERROR: System DOWN: Auth Service (https://auth.example.com) - getaddrinfo ENOTFOUND auth.example.com
[2025-10-01 17:33:42] ERROR: Email failed: connect ETIMEDOUT 74.125.71.109:465
[2025-10-01 17:33:42] ERROR: System DOWN: Reports Service (https://reports.example.com) - getaddrinfo ENOTFOUND reports.example.com
[2025-10-01 17:34:03] ERROR: Email failed: connect ETIMEDOUT 74.125.71.109:465
[2025-10-01 17:34:03] INFO: Database is reachable: production_db (192.168.1.10)
[2025-10-01 17:34:03] INFO: Database is reachable: analytics (192.168.1.15)
[2025-10-01 17:34:04] INFO: Database is reachable: hr_system (192.168.1.20)
[2025-10-01 17:34:04] INFO: --- Checks complete ---
[2025-10-01 17:56:18] INFO: --- Running monitoring checks ---
[2025-10-01 17:56:19] INFO: Fetched 5 services
[2025-10-01 17:56:19] INFO: Fetched 3 databases
[2025-10-01 17:56:19] INFO: Fetched 0 disks
[2025-10-01 17:56:20] INFO: System is UP: Youtube (https://youtube.com) - Status 200
[2025-10-01 17:56:20] INFO: System SSL valid: Youtube (https://youtube.com) - 68 days left
[2025-10-01 17:56:21] ERROR: System DOWN: Github (https://githu234b.com) - getaddrinfo ENOTFOUND githu234b.com
[2025-10-01 17:56:42] ERROR: Email failed: connect ETIMEDOUT 64.233.166.109:465
[2025-10-01 17:56:42] ERROR: System DOWN: Payments API (https://api.example.com/payments) - getaddrinfo ENOTFOUND api.example.com
[2025-10-01 17:57:03] ERROR: Email failed: connect ETIMEDOUT 64.233.166.109:465
[2025-10-01 17:57:03] ERROR: System DOWN: Auth Service (https://auth.example.com) - getaddrinfo ENOTFOUND auth.example.com
[2025-10-01 17:57:24] ERROR: Email failed: connect ETIMEDOUT 64.233.166.109:465
[2025-10-01 17:57:24] ERROR: System DOWN: Reports Service (https://reports.example.com) - getaddrinfo ENOTFOUND reports.example.com
[2025-10-01 17:57:45] ERROR: Email failed: connect ETIMEDOUT 64.233.166.109:465
[2025-10-01 17:57:45] INFO: Database is reachable: production_db (192.168.1.10)
[2025-10-01 17:57:45] INFO: Database is reachable: analytics (192.168.1.15)
[2025-10-01 17:57:45] INFO: Database is reachable: hr_system (192.168.1.20)
[2025-10-01 17:57:45] INFO: --- Checks complete ---
[2025-10-01 18:07:10] INFO: --- Running monitoring checks ---
[2025-10-01 18:07:10] INFO: Fetched 5 services
[2025-10-01 18:07:10] INFO: Fetched 3 databases
[2025-10-01 18:07:10] INFO: Fetched 0 disks
[2025-10-01 18:07:12] INFO: System is UP: Youtube (https://youtube.com) - Status 200
[2025-10-01 18:07:12] INFO: System SSL valid: Youtube (https://youtube.com) - 68 days left
[2025-10-01 18:07:12] ERROR: System DOWN: Github (https://githu234b.com) - getaddrinfo ENOTFOUND githu234b.com
[2025-10-01 18:07:13] ERROR: Monitoring run failed: buildAlertMessage is not a function
[2025-10-02 09:00:47] INFO: --- Running monitoring checks ---
[2025-10-02 09:00:47] INFO: Fetched 5 services
[2025-10-02 09:00:47] INFO: Fetched 3 databases
[2025-10-02 09:00:47] INFO: Fetched 0 disks
[2025-10-02 09:00:49] INFO: System is UP: Youtube (https://youtube.com) - Status 200
[2025-10-02 09:00:49] INFO: System SSL valid: Youtube (https://youtube.com) - 68 days left
[2025-10-02 09:00:49] ERROR: System DOWN: Github (https://githu234b.com) - getaddrinfo ENOTFOUND githu234b.com
[2025-10-02 09:01:11] ERROR: Email failed: connect ETIMEDOUT 64.233.166.109:465
[2025-10-02 09:01:11] ERROR: System DOWN: Payments API (https://api.example.com/payments) - getaddrinfo ENOTFOUND api.example.com
[2025-10-02 09:01:32] ERROR: Email failed: connect ETIMEDOUT 64.233.166.109:465
[2025-10-02 09:01:32] ERROR: System DOWN: Auth Service (https://auth.example.com) - getaddrinfo ENOTFOUND auth.example.com
[2025-10-02 09:01:53] ERROR: Email failed: connect ETIMEDOUT 64.233.166.109:465
[2025-10-02 09:01:54] ERROR: System DOWN: Reports Service (https://reports.example.com) - getaddrinfo ENOTFOUND reports.example.com
[2025-10-02 09:02:15] ERROR: Email failed: connect ETIMEDOUT 64.233.166.109:465
[2025-10-02 09:02:15] INFO: Database is reachable: production_db (192.168.1.10)
[2025-10-02 09:02:15] INFO: Database is reachable: analytics (192.168.1.15)
[2025-10-02 09:02:15] INFO: Database is reachable: hr_system (192.168.1.20)
[2025-10-02 09:02:15] INFO: --- Checks complete ---
[2025-10-02 09:31:10] INFO: --- Running monitoring checks ---
[2025-10-02 09:31:11] INFO: Fetched 5 services
[2025-10-02 09:31:11] INFO: Fetched 3 databases
[2025-10-02 09:31:11] INFO: Fetched 0 disks
[2025-10-02 09:31:12] INFO: System is UP: Youtube (https://youtube.com) - Status 200
[2025-10-02 09:31:12] INFO: System SSL valid: Youtube (https://youtube.com) - 68 days left
[2025-10-02 09:31:13] ERROR: System DOWN: Github (https://githu234b.com) - getaddrinfo ENOTFOUND githu234b.com
[2025-10-02 09:31:34] ERROR: Email failed: connect ETIMEDOUT 64.233.166.108:465
[2025-10-02 09:31:34] ERROR: System DOWN: Payments API (https://api.example.com/payments) - getaddrinfo ENOTFOUND api.example.com
[2025-10-02 09:31:55] ERROR: Email failed: connect ETIMEDOUT 64.233.166.108:465
[2025-10-02 09:31:56] ERROR: System DOWN: Auth Service (https://auth.example.com) - getaddrinfo ENOTFOUND auth.example.com
[2025-10-02 09:32:17] ERROR: Email failed: connect ETIMEDOUT 64.233.166.108:465
[2025-10-02 09:32:17] ERROR: System DOWN: Reports Service (https://reports.example.com) - getaddrinfo ENOTFOUND reports.example.com
[2025-10-02 09:32:38] ERROR: Email failed: connect ETIMEDOUT 64.233.166.108:465
[2025-10-02 09:32:38] INFO: Database is reachable: production_db (192.168.1.10)
[2025-10-02 09:32:38] INFO: Database is reachable: analytics (192.168.1.15)
[2025-10-02 09:32:38] INFO: Database is reachable: hr_system (192.168.1.20)
[2025-10-02 09:32:38] INFO: --- Checks complete ---
[2025-10-02 09:38:22] INFO: --- Running monitoring checks ---
[2025-10-02 09:38:22] INFO: Fetched 5 services
[2025-10-02 09:38:22] INFO: Fetched 3 databases
[2025-10-02 09:38:22] INFO: Fetched 0 disks
[2025-10-02 09:38:24] INFO: System is UP: Youtube (https://youtube.com) - Status 200
[2025-10-02 09:38:24] INFO: System SSL valid: Youtube (https://youtube.com) - 68 days left
[2025-10-02 09:38:24] ERROR: System DOWN: Github (https://githu234b.com) - getaddrinfo ENOTFOUND githu234b.com
[2025-10-02 09:38:45] ERROR: Email failed: connect ETIMEDOUT 64.233.166.108:465
[2025-10-02 09:38:45] ERROR: System DOWN: Payments API (https://api.example.com/payments) - getaddrinfo ENOTFOUND api.example.com
[2025-10-02 09:39:06] ERROR: Email failed: connect ETIMEDOUT 64.233.166.108:465
[2025-10-02 09:39:06] ERROR: System DOWN: Auth Service (https://auth.example.com) - getaddrinfo ENOTFOUND auth.example.com
[2025-10-02 09:39:27] ERROR: Email failed: connect ETIMEDOUT 64.233.166.108:465
[2025-10-02 09:39:27] ERROR: System DOWN: Reports Service (https://reports.example.com) - getaddrinfo ENOTFOUND reports.example.com
[2025-10-02 09:39:48] ERROR: Email failed: connect ETIMEDOUT 64.233.166.108:465
[2025-10-02 09:39:48] INFO: Database is reachable: production_db (192.168.1.10)
[2025-10-02 09:39:48] INFO: Database is reachable: analytics (192.168.1.15)
[2025-10-02 09:39:48] INFO: Database is reachable: hr_system (192.168.1.20)
[2025-10-02 09:39:48] INFO: --- Checks complete ---
[2025-10-02 09:48:53] INFO: --- Running monitoring checks ---
[2025-10-02 09:48:53] INFO: Fetched 5 services
[2025-10-02 09:48:53] INFO: Fetched 3 databases
[2025-10-02 09:48:53] INFO: Fetched 0 disks
[2025-10-02 09:48:55] INFO: System is UP: Youtube (https://youtube.com) - Status 200
[2025-10-02 09:48:55] INFO: System SSL valid: Youtube (https://youtube.com) - 68 days left
[2025-10-02 09:48:55] ERROR: System DOWN: Github (https://githu234b.com) - getaddrinfo ENOTFOUND githu234b.com
[2025-10-02 09:49:17] ERROR: Email failed: connect ETIMEDOUT 64.233.166.108:465
[2025-10-02 09:49:17] ERROR: System DOWN: Payments API (https://api.example.com/payments) - getaddrinfo ENOTFOUND api.example.com
[2025-10-02 09:49:38] ERROR: Email failed: connect ETIMEDOUT 64.233.166.108:465
[2025-10-02 09:49:38] ERROR: System DOWN: Auth Service (https://auth.example.com) - getaddrinfo ENOTFOUND auth.example.com
[2025-10-02 09:49:59] ERROR: Email failed: connect ETIMEDOUT 64.233.166.108:465
[2025-10-02 09:49:59] ERROR: System DOWN: Reports Service (https://reports.example.com) - getaddrinfo ENOTFOUND reports.example.com
[2025-10-02 09:50:20] ERROR: Email failed: connect ETIMEDOUT 64.233.166.108:465
[2025-10-02 09:50:20] INFO: Database is reachable: production_db (192.168.1.10)
[2025-10-02 09:50:20] INFO: Database is reachable: analytics (192.168.1.15)
[2025-10-02 09:50:20] INFO: Database is reachable: hr_system (192.168.1.20)
[2025-10-02 09:50:20] INFO: --- Checks complete ---
[2025-10-02 09:58:32] INFO: --- Running monitoring checks ---
[2025-10-02 09:58:32] INFO: Fetched 5 services
[2025-10-02 09:58:32] INFO: Fetched 3 databases
[2025-10-02 09:58:32] INFO: Fetched 0 disks
[2025-10-02 09:58:33] INFO: System is UP: Youtube (https://youtube.com) - Status 200
[2025-10-02 09:58:34] INFO: System SSL valid: Youtube (https://youtube.com) - 68 days left
[2025-10-02 09:58:34] ERROR: System DOWN: Github (https://githu234b.com) - getaddrinfo ENOTFOUND githu234b.com
[2025-10-02 09:58:55] ERROR: Email failed: connect ETIMEDOUT 64.233.166.109:465
[2025-10-02 09:58:55] ERROR: Monitoring run failed: buildSMSMessage is not defined
[2025-10-02 10:02:10] INFO: --- Running monitoring checks ---
[2025-10-02 10:02:10] INFO: Fetched 5 services
[2025-10-02 10:02:10] INFO: Fetched 3 databases
[2025-10-02 10:02:10] INFO: Fetched 0 disks
[2025-10-02 10:02:11] INFO: System is UP: Youtube (https://youtube.com) - Status 200
[2025-10-02 10:02:11] INFO: System SSL valid: Youtube (https://youtube.com) - 68 days left
[2025-10-02 10:02:11] ERROR: System DOWN: Github (https://githu234b.com) - getaddrinfo ENOTFOUND githu234b.com
[2025-10-02 10:02:32] ERROR: Email failed: connect ETIMEDOUT 64.233.166.109:465
[2025-10-02 10:02:32] ERROR: Monitoring run failed: buildSMSMessage is not defined
[2025-10-02 10:04:21] INFO: --- Running monitoring checks ---
[2025-10-02 10:04:21] INFO: Fetched 5 services
[2025-10-02 10:04:21] INFO: Fetched 3 databases
[2025-10-02 10:04:21] INFO: Fetched 0 disks
[2025-10-02 10:04:23] INFO: System is UP: Youtube (https://youtube.com) - Status 200
[2025-10-02 10:04:23] INFO: System SSL valid: Youtube (https://youtube.com) - 68 days left
[2025-10-02 10:04:23] ERROR: System DOWN: Github (https://githu234b.com) - getaddrinfo ENOTFOUND githu234b.com
[2025-10-02 10:04:45] ERROR: Email failed: connect ETIMEDOUT 64.233.166.109:465
[2025-10-02 10:04:45] ERROR: System DOWN: Payments API (https://api.example.com/payments) - getaddrinfo ENOTFOUND api.example.com
[2025-10-02 10:05:06] ERROR: Email failed: connect ETIMEDOUT 64.233.166.109:465
[2025-10-02 10:05:07] ERROR: System DOWN: Auth Service (https://auth.example.com) - getaddrinfo ENOTFOUND auth.example.com
[2025-10-02 10:05:28] ERROR: Email failed: connect ETIMEDOUT 64.233.166.109:465
[2025-10-02 10:05:28] ERROR: System DOWN: Reports Service (https://reports.example.com) - getaddrinfo ENOTFOUND reports.example.com
[2025-10-02 10:05:49] ERROR: Email failed: connect ETIMEDOUT 64.233.166.109:465
[2025-10-02 10:05:49] INFO: Database is reachable: production_db (192.168.1.10)
[2025-10-02 10:05:49] INFO: Database is reachable: analytics (192.168.1.15)
[2025-10-02 10:05:49] INFO: Database is reachable: hr_system (192.168.1.20)
[2025-10-02 10:05:49] INFO: --- Checks complete ---
